0 info it worked if it ends with ok
1 verbose cli [ 'node', '/usr/local/bin/npm', 'install', 'tower-of-babel', '-g' ]
2 info using npm@2.7.4
3 info using node@v0.12.2
4 silly cache add args [ 'tower-of-babel', null ]
5 verbose cache add spec tower-of-babel
6 silly cache add parsed spec { raw: 'tower-of-babel',
6 silly cache add   scope: null,
6 silly cache add   name: 'tower-of-babel',
6 silly cache add   rawSpec: '',
6 silly cache add   spec: '*',
6 silly cache add   type: 'range' }
7 verbose addNamed tower-of-babel@*
8 silly addNamed semver.valid null
9 silly addNamed semver.validRange *
10 silly addNameRange { name: 'tower-of-babel', range: '*', hasData: false }
11 silly mapToRegistry name tower-of-babel
12 silly mapToRegistry using default registry
13 silly mapToRegistry registry https://registry.npmjs.org/
14 silly mapToRegistry uri https://registry.npmjs.org/tower-of-babel
15 verbose addNameRange registry:https://registry.npmjs.org/tower-of-babel not in flight; fetching
16 verbose request uri https://registry.npmjs.org/tower-of-babel
17 verbose request no auth needed
18 info attempt registry request try #1 at 2:13:37 PM
19 verbose request id e65524bac6c3903b
20 verbose etag "6PF8WR2N4DRE6RDXC35C3T3V0"
21 http request GET https://registry.npmjs.org/tower-of-babel
22 http 304 https://registry.npmjs.org/tower-of-babel
23 silly get cb [ 304,
23 silly get   { date: 'Mon, 25 May 2015 21:13:37 GMT',
23 silly get     via: '1.1 varnish',
23 silly get     'cache-control': 'max-age=60',
23 silly get     etag: '"6PF8WR2N4DRE6RDXC35C3T3V0"',
23 silly get     age: '38',
23 silly get     connection: 'keep-alive',
23 silly get     'x-served-by': 'cache-lax1426-LAX',
23 silly get     'x-cache': 'HIT',
23 silly get     'x-cache-hits': '1',
23 silly get     'x-timer': 'S1432588417.962832,VS0,VE0',
23 silly get     vary: 'Accept' } ]
24 verbose etag https://registry.npmjs.org/tower-of-babel from cache
25 verbose get saving tower-of-babel to /Users/tomleskin/.npm/registry.npmjs.org/tower-of-babel/.cache.json
26 silly addNameRange number 2 { name: 'tower-of-babel', range: '*', hasData: true }
27 silly addNameRange versions [ 'tower-of-babel',
27 silly addNameRange   [ '0.1.0',
27 silly addNameRange     '0.1.1',
27 silly addNameRange     '0.1.2',
27 silly addNameRange     '0.2.0',
27 silly addNameRange     '0.2.1',
27 silly addNameRange     '0.2.2',
27 silly addNameRange     '0.2.3',
27 silly addNameRange     '0.2.4',
27 silly addNameRange     '0.3.0',
27 silly addNameRange     '0.4.0',
27 silly addNameRange     '0.4.1',
27 silly addNameRange     '0.4.2' ] ]
28 verbose addNamed tower-of-babel@0.4.2
29 silly addNamed semver.valid 0.4.2
30 silly addNamed semver.validRange 0.4.2
31 silly cache afterAdd tower-of-babel@0.4.2
32 verbose afterAdd /Users/tomleskin/.npm/tower-of-babel/0.4.2/package/package.json not in flight; writing
33 verbose afterAdd /Users/tomleskin/.npm/tower-of-babel/0.4.2/package/package.json written
34 silly install resolved [ { name: 'tower-of-babel',
34 silly install resolved     version: '0.4.2',
34 silly install resolved     repository:
34 silly install resolved      { type: 'git',
34 silly install resolved        url: 'git://github.com/yosuke-furukawa/tower-of-babel.git' },
34 silly install resolved     license: 'MIT',
34 silly install resolved     bin: { 'tower-of-babel': './tower-of-babel.js' },
34 silly install resolved     preferGlobal: true,
34 silly install resolved     keywords: [ 'es6', 'babel', 'learn', 'tutorial', 'workshopper' ],
34 silly install resolved     dependencies:
34 silly install resolved      { 'babel-core': '^5.0.12',
34 silly install resolved        'babel-runtime': '^5.0.12',
34 silly install resolved        q: '^1.2.0',
34 silly install resolved        rimraf: '^2.3.2',
34 silly install resolved        'workshopper-adventure': 'git://github.com/martinheidegger/workshopper.git#adventure',
34 silly install resolved        'workshopper-exercise': '^2.3.0' },
34 silly install resolved     gitHead: '0c2094428e6ca621dbeea35abff19c3307382f6e',
34 silly install resolved     description: 'tower-of-babel ================',
34 silly install resolved     bugs: { url: 'https://github.com/yosuke-furukawa/tower-of-babel/issues' },
34 silly install resolved     homepage: 'https://github.com/yosuke-furukawa/tower-of-babel#readme',
34 silly install resolved     _id: 'tower-of-babel@0.4.2',
34 silly install resolved     scripts: {},
34 silly install resolved     _shasum: '32590034f728b62df1b69c18302f75510f47fe63',
34 silly install resolved     _from: 'tower-of-babel@*',
34 silly install resolved     _npmVersion: '2.9.0',
34 silly install resolved     _nodeVersion: '2.0.1',
34 silly install resolved     _npmUser: { name: 'yosuke-furukawa', email: 'yosuke.furukawa@gmail.com' },
34 silly install resolved     maintainers: [ [Object] ],
34 silly install resolved     dist:
34 silly install resolved      { shasum: '32590034f728b62df1b69c18302f75510f47fe63',
34 silly install resolved        tarball: 'http://registry.npmjs.org/tower-of-babel/-/tower-of-babel-0.4.2.tgz' },
34 silly install resolved     directories: {},
34 silly install resolved     _resolved: 'https://registry.npmjs.org/tower-of-babel/-/tower-of-babel-0.4.2.tgz',
34 silly install resolved     readme: 'ERROR: No README data found!' } ]
35 info install tower-of-babel@0.4.2 into /usr/local/lib
36 info installOne tower-of-babel@0.4.2
37 verbose installOne of tower-of-babel to /usr/local/lib not in flight; installing
38 verbose lock using /Users/tomleskin/.npm/_locks/tower-of-babel-8eb0ec1ae83a75b0.lock for /usr/local/lib/node_modules/tower-of-babel
39 silly install write writing tower-of-babel 0.4.2 to /usr/local/lib/node_modules/tower-of-babel
40 silly cache addNamed cb tower-of-babel@0.4.2
41 verbose unbuild lib/node_modules/tower-of-babel
42 silly gentlyRm /usr/local/lib/node_modules/tower-of-babel is being purged from base /usr/local
43 verbose gentlyRm don't care about contents; nuking /usr/local/lib/node_modules/tower-of-babel
44 verbose tar unpack /Users/tomleskin/.npm/tower-of-babel/0.4.2/package.tgz
45 verbose tar unpacking to /usr/local/lib/node_modules/tower-of-babel
46 silly gentlyRm /usr/local/lib/node_modules/tower-of-babel is being purged
47 verbose gentlyRm don't care about contents; nuking /usr/local/lib/node_modules/tower-of-babel
48 silly gunzTarPerm modes [ '755', '644' ]
49 error tar.unpack untar error /Users/tomleskin/.npm/tower-of-babel/0.4.2/package.tgz
50 verbose unlock done using /Users/tomleskin/.npm/_locks/tower-of-babel-8eb0ec1ae83a75b0.lock for /usr/local/lib/node_modules/tower-of-babel
51 verbose fstream_path /usr/local/lib/node_modules/tower-of-babel
52 verbose fstream_type Directory
53 verbose fstream_class DirWriter
54 verbose stack Error: EACCES, mkdir '/usr/local/lib/node_modules/tower-of-babel'
54 verbose stack     at Error (native)
55 verbose fstream_stack /usr/local/lib/node_modules/npm/node_modules/fstream/lib/dir-writer.js:36:23
55 verbose fstream_stack /usr/local/lib/node_modules/npm/node_modules/mkdirp/index.js:46:53
55 verbose fstream_stack FSReqWrap.oncomplete (fs.js:95:15)
56 verbose cwd /Users/tomleskin/mod3/projects/pivot
57 error Darwin 14.4.0
58 error argv "node" "/usr/local/bin/npm" "install" "tower-of-babel" "-g"
59 error node v0.12.2
60 error npm  v2.7.4
61 error path /usr/local/lib/node_modules/tower-of-babel
62 error code EACCES
63 error errno -13
64 error Error: EACCES, mkdir '/usr/local/lib/node_modules/tower-of-babel'
64 error     at Error (native)
64 error  { [Error: EACCES, mkdir '/usr/local/lib/node_modules/tower-of-babel']
64 error   errno: -13,
64 error   code: 'EACCES',
64 error   path: '/usr/local/lib/node_modules/tower-of-babel',
64 error   fstream_type: 'Directory',
64 error   fstream_path: '/usr/local/lib/node_modules/tower-of-babel',
64 error   fstream_class: 'DirWriter',
64 error   fstream_stack:
64 error    [ '/usr/local/lib/node_modules/npm/node_modules/fstream/lib/dir-writer.js:36:23',
64 error      '/usr/local/lib/node_modules/npm/node_modules/mkdirp/index.js:46:53',
64 error      'FSReqWrap.oncomplete (fs.js:95:15)' ] }
65 error Please try running this command again as root/Administrator.
66 verbose exit [ -13, true ]
67 verbose unbuild lib/node_modules/tower-of-babel
68 silly gentlyRm /usr/local/lib/node_modules/tower-of-babel is being purged from base /usr/local
69 verbose gentlyRm don't care about contents; nuking /usr/local/lib/node_modules/tower-of-babel
